<?xml version="1.0" encoding="UTF-8"?>
<testsuite name="de.epost.gamesoflife.RulesTest" tests="2" skipped="0" failures="0" errors="0" timestamp="2017-04-19T08:38:23" hostname="Steffen.local" time="0.0">
  <properties/>
  <testcase name="testWillSurvive" classname="de.epost.gamesoflife.RulesTest" time="0.0"/>
  <testcase name="testWillNotSurvive" classname="de.epost.gamesoflife.RulesTest" time="0.0"/>
  <system-out><![CDATA[]]></system-out>
  <system-err><![CDATA[]]></system-err>
</testsuite>
